RESUMO
Custo de investimento total [U$]:      170968.53
Custo investimento subestacoes [U$]:        0.00
Custo investimento circuitos [U$]:     153913.34
Custo operacao subestacoes [U$]:            0.00
Custo perda potencia ativa [U$]:        17055.19
Geracao de potencia aparente [kVA]:      7232.73
Geracao de potencia ativa [kW]:          6349.07
Geracao de potencia reativa [kVAr]:      3079.44
Demanda de potencia ativa [kW]:          6336.00
Demanda de potencia reativa [kVAr]:      3068.67
Perda potencia ativa [kW]:                 13.07
Perda potencia reativa [kVAr]:             10.77
Magnitude de tensao minima [pu]:          1.0242

MAGNITUDES DE TENSAO
  No     [pu]
   1   1.0300
   2   1.0261
   3   1.0242
   4   1.0275
   5   1.0277
   6   1.0274
   7   1.0266
   8   1.0261
   9   1.0249
  10   1.0295
  11   1.0283
  12   1.0278
  13   1.0283
  14   1.0283
  15   1.0278
  16   1.0291
  17   1.0281
  18   1.0279
  19   1.0289
  20   1.0292
  21   1.0286
  22   1.0288
  23   1.0280

OPERACAO DAS SUBESTACOES
  No       Pg       Qg       Sg     Smax   xg
         [kW]   [kVAr]    [kVA]    [kVA]
   1  6349.07  3079.44  7232.73 10000.00    0

RESULTADOS DOS RAMOS
   m   n       Vm       Vn      Pmn      Qmn       Imn Cond
             [pu]     [pu]     [kW]    [kVAr]      [A]
   1   10   1.0300   1.0295  6346.66  3076.23   198.58    4
   2    8   1.0261   1.0261    -0.00    -0.00     0.03    1
   3    8   1.0242   1.0261     0.00     0.00     0.00    0
   3    9   1.0242   1.0249  -576.36  -279.23    18.11    1
   3   16   1.0242   1.0291     0.00     0.00     0.00    0
   4    5   1.0275   1.0277  -288.05  -139.52     9.03    1
   4    6   1.0275   1.0274     0.00     0.00     0.00    0
   4    8   1.0275   1.0261     0.00     0.00     0.00    0
   4    9   1.0275   1.0249     0.00     0.00     0.00    0
   5   14   1.0277   1.0283     0.00     0.00     0.00    0
   5   23   1.0277   1.0280  -576.17  -279.09    18.05    1
   6    7   1.0274   1.0266  1441.82   698.72    45.24    1
   6   14   1.0274   1.0283 -1732.29  -839.95    54.27    1
   6   16   1.0274   1.0291     0.00     0.00     0.00    0
   7    8   1.0266   1.0261  1153.28   558.85    36.20    1
   8    9   1.0261   1.0249   864.36   418.71    27.16    1
  10   14   1.0295   1.0283  4037.19  1956.47   126.45    1
  10   19   1.0295   1.0289  1440.42   697.73    45.09    1
  10   20   1.0295   1.0292   576.02   278.99    18.03    1
  11   13   1.0283   1.0283   288.00   139.48     9.02    1
  11   21   1.0283   1.0286  -576.15  -279.08    18.04    1
  11   22   1.0283   1.0288     0.00     0.00     0.00    0
  12   15   1.0278   1.0278     0.00     0.00     0.00    0
  12   23   1.0278   1.0280  -288.03  -139.51     9.02    1
  13   15   1.0283   1.0278     0.00     0.00     0.00    0
  14   17   1.0283   1.0281   864.11   418.54    27.07    1
  14   23   1.0283   1.0280  1152.21   558.09    36.10    1
  15   18   1.0278   1.0279  -288.03  -139.50     9.02    1
  15   21   1.0278   1.0286     0.00     0.00     0.00    0
  16   20   1.0291   1.0292  -288.02  -139.50     9.01    1
  16   22   1.0291   1.0288     0.00     0.00     0.00    0
  17   18   1.0281   1.0279   576.03   278.99    18.05    1
  19   20   1.0289   1.0292     0.00     0.00     0.00    0
  19   21   1.0289   1.0286   864.15   418.56    27.06    1
  19   22   1.0289   1.0288   288.00   139.48     9.02    1

Elapsed time:        3.61s
